<?xml version="1.0" encoding="UTF-8"?>
<robot generator="Robot 5.0 (Python 3.10.1 on win32)" generated="20220404 03:07:29.640" rpa="false" schemaversion="3">
<suite id="s1" name="amazonTesting" source="C:\Projetos\RobotFramework\WebTesting Amazon - Grupo ICTS\testing\amazonTesting.robot">
<kw name="Abrir navegador" library="homeWebResources" type="SETUP">
<kw name="Open Browser" library="SeleniumLibrary">
<arg>browser=${BROWSER}</arg>
<doc>Opens a new browser instance to the optional ``url``.</doc>
<msg timestamp="20220404 03:07:29.926" level="INFO">Opening browser 'chrome' to base url 'None'.</msg>
<status status="PASS" starttime="20220404 03:07:29.926" endtime="20220404 03:07:31.199"/>
</kw>
<status status="PASS" starttime="20220404 03:07:29.925" endtime="20220404 03:07:31.199"/>
</kw>
<test id="s1-t1" name="Caso de Teste 01 - Validar produto adicionado no carrinho" line="10">
<kw name="Dado que acesso a home page da Amazon.com.br" library="homeWebResources">
<kw name="Go To" library="SeleniumLibrary">
<arg>url=${URL}</arg>
<doc>Navigates the current browser window to the provided ``url``.</doc>
<msg timestamp="20220404 03:07:31.205" level="INFO">Opening url 'http://www.amazon.com.br'</msg>
<status status="PASS" starttime="20220404 03:07:31.204" endtime="20220404 03:07:33.110"/>
</kw>
<kw name="Wait Until Element Is Visible" library="SeleniumLibrary">
<arg>locator=${MENU_MAIS_VENDIDOS}</arg>
<doc>Waits until the element ``locator`` is visible.</doc>
<status status="PASS" starttime="20220404 03:07:33.110" endtime="20220404 03:07:33.155"/>
</kw>
<status status="PASS" starttime="20220404 03:07:31.204" endtime="20220404 03:07:33.156"/>
</kw>
<kw name="E que seleciono o produto &quot;Echo Dot (3ª Geração)&quot; no menu &quot;Mais Vendidos em Eletrônicos&quot;" library="categoryProductsResources">
<kw name="Clicar no menu &quot;Mais vendidos&quot;" library="categoryProductsResources">
<kw name="Click Element" library="SeleniumLibrary">
<arg>locator=${MENU_MAIS_VENDIDOS}</arg>
<doc>Click the element identified by ``locator``.</doc>
<msg timestamp="20220404 03:07:33.159" level="INFO">Clicking element '//a[@href='/gp/bestsellers/?ref_=nav_cs_bestsellers'][contains(.,'Mais Vendidos')]'.</msg>
<status status="PASS" starttime="20220404 03:07:33.158" endtime="20220404 03:07:34.570"/>
</kw>
<kw name="Element Should Be Visible" library="SeleniumLibrary">
<arg>locator=${NOME_CATEGORIA}</arg>
<doc>Verifies that the element identified by ``locator`` is visible.</doc>
<msg timestamp="20220404 03:07:34.671" level="INFO">Element '//h2[@class='a-carousel-heading a-inline-block'][contains(.,'Mais Vendidos em Eletrônicos')]' is displayed.</msg>
<status status="PASS" starttime="20220404 03:07:34.570" endtime="20220404 03:07:34.671"/>
</kw>
<status status="PASS" starttime="20220404 03:07:33.157" endtime="20220404 03:07:34.671"/>
</kw>
<kw name="Clicar no link &quot;Ver mais&quot; da categoria &quot;Mais Vendidos em Eletrônicos&quot;" library="categoryProductsResources">
<kw name="Click Link" library="SeleniumLibrary">
<arg>locator=//a[contains(@aria-label,'Mais Vendidos em Eletrônicos - Ver mais')]</arg>
<doc>Clicks a link identified by ``locator``.</doc>
<msg timestamp="20220404 03:07:34.672" level="INFO">Clicking link '//a[contains(@aria-label,'Mais Vendidos em Eletrônicos - Ver mais')]'.</msg>
<status status="PASS" starttime="20220404 03:07:34.672" endtime="20220404 03:07:37.311"/>
</kw>
<kw name="Wait Until Element Is Visible" library="SeleniumLibrary">
<arg>locator=//h1[contains(.,'Mais Vendidos em Eletrônicos')]</arg>
<doc>Waits until the element ``locator`` is visible.</doc>
<status status="PASS" starttime="20220404 03:07:37.311" endtime="20220404 03:07:37.339"/>
</kw>
<status status="PASS" starttime="20220404 03:07:34.671" endtime="20220404 03:07:37.339"/>
</kw>
<kw name="Clicar no produto &quot;Echo Dot (3ª Geração)&quot;" library="categoryProductsResources" sourcename="Clicar no produto &quot;${PRODUTO}&quot;">
<kw name="Wait Until Element Is Visible" library="SeleniumLibrary">
<arg>locator=//div[@class='_p13n-zg-list-grid-desktop_truncationStyles_p13n-sc-css-line-clamp-3__g3dy1'][contains(.,'${PRODUTO}')]</arg>
<doc>Waits until the element ``locator`` is visible.</doc>
<status status="PASS" starttime="20220404 03:07:37.339" endtime="20220404 03:07:37.362"/>
</kw>
<kw name="Click Element" library="SeleniumLibrary">
<arg>locator=//div[@class='_p13n-zg-list-grid-desktop_truncationStyles_p13n-sc-css-line-clamp-3__g3dy1'][contains(.,'${PRODUTO}')]</arg>
<doc>Click the element identified by ``locator``.</doc>
<msg timestamp="20220404 03:07:37.363" level="INFO">Clicking element '//div[@class='_p13n-zg-list-grid-desktop_truncationStyles_p13n-sc-css-line-clamp-3__g3dy1'][contains(.,'Echo Dot (3ª Geração)')]'.</msg>
<status status="PASS" starttime="20220404 03:07:37.363" endtime="20220404 03:07:41.414"/>
</kw>
<status status="PASS" starttime="20220404 03:07:37.339" endtime="20220404 03:07:41.414"/>
</kw>
<status status="PASS" starttime="20220404 03:07:33.156" endtime="20220404 03:07:41.414"/>
</kw>
<kw name="Quando clico em adicionar o produto no carrinho" library="categoryProductsResources">
<kw name="Adicionar o produto &quot;Echo Dot (3ª Geração)&quot; no carrinho e rejeitar os produtos recomendados" library="categoryProductsResources" sourcename="Adicionar o produto &quot;${PRODUTO}&quot; no carrinho e rejeitar os produtos recomendados">
<kw name="Wait Until Element Is Visible" library="SeleniumLibrary">
<arg>locator=${BTN_ADD_CARRINHO}</arg>
<doc>Waits until the element ``locator`` is visible.</doc>
<status status="PASS" starttime="20220404 03:07:41.416" endtime="20220404 03:07:41.450"/>
</kw>
<kw name="Click Button" library="SeleniumLibrary">
<arg>locator=${BTN_ADD_CARRINHO}</arg>
<doc>Clicks the button identified by ``locator``.</doc>
<msg timestamp="20220404 03:07:41.450" level="INFO">Clicking button 'add-to-cart-button'.</msg>
<status status="PASS" starttime="20220404 03:07:41.450" endtime="20220404 03:07:41.639"/>
</kw>
<kw name="Sleep" library="BuiltIn">
<arg>2s</arg>
<doc>Pauses the test executed for the given time.</doc>
<msg timestamp="20220404 03:07:43.649" level="INFO">Slept 2 seconds</msg>
<status status="PASS" starttime="20220404 03:07:41.640" endtime="20220404 03:07:43.649"/>
</kw>
<kw name="Wait Until Element Is Visible" library="SeleniumLibrary">
<arg>locator=${NAO_OBRIGADO}</arg>
<doc>Waits until the element ``locator`` is visible.</doc>
<status status="PASS" starttime="20220404 03:07:43.649" endtime="20220404 03:07:43.682"/>
</kw>
<kw name="Click Button" library="SeleniumLibrary">
<arg>locator=${NAO_OBRIGADO}</arg>
<doc>Clicks the button identified by ``locator``.</doc>
<msg timestamp="20220404 03:07:43.682" level="INFO">Clicking button '//input[contains(@aria-labelledby,'a-autoid-3-announce')]'.</msg>
<status status="PASS" starttime="20220404 03:07:43.682" endtime="20220404 03:07:44.659"/>
</kw>
<status status="PASS" starttime="20220404 03:07:41.416" endtime="20220404 03:07:44.660"/>
</kw>
<status status="PASS" starttime="20220404 03:07:41.415" endtime="20220404 03:07:44.660"/>
</kw>
<kw name="Então devo visualizar o subtotal de 1 produto no carrinho de compras" library="categoryProductsResources">
<kw name="Verificar se o produto &quot;Echo Dot (3ª Geração)&quot; foi adicionado no carrinho e validar subtotal de item" library="categoryProductsResources" sourcename="Verificar se o produto &quot;${PRODUTO}&quot; foi adicionado no carrinho e validar subtotal de item">
<kw name="Wait Until Element Is Visible" library="SeleniumLibrary">
<arg>locator=${ADICIONADO_NO_CARRINHO}</arg>
<doc>Waits until the element ``locator`` is visible.</doc>
<status status="PASS" starttime="20220404 03:07:44.662" endtime="20220404 03:07:44.731"/>
</kw>
<kw name="Click Link" library="SeleniumLibrary">
<arg>locator=${CARRINHO}</arg>
<doc>Clicks a link identified by ``locator``.</doc>
<msg timestamp="20220404 03:07:44.732" level="INFO">Clicking link 'nav-cart'.</msg>
<status status="PASS" starttime="20220404 03:07:44.731" endtime="20220404 03:07:47.097"/>
</kw>
<kw name="Wait Until Element Is Visible" library="SeleniumLibrary">
<arg>locator=//span[@class='a-truncate a-size-medium'][contains(.,'${PRODUTO}')]</arg>
<doc>Waits until the element ``locator`` is visible.</doc>
<status status="PASS" starttime="20220404 03:07:47.097" endtime="20220404 03:07:47.122"/>
</kw>
<kw name="Element Text Should Be" library="SeleniumLibrary">
<arg>locator=sc-subtotal-label-buybox</arg>
<arg>expected=Subtotal (1 item):</arg>
<doc>Verifies that element ``locator`` contains exact the text ``expected``.</doc>
<msg timestamp="20220404 03:07:47.123" level="INFO">Verifying element 'sc-subtotal-label-buybox' contains exact text 'Subtotal (1 item):'.</msg>
<status status="PASS" starttime="20220404 03:07:47.122" endtime="20220404 03:07:47.149"/>
</kw>
<status status="PASS" starttime="20220404 03:07:44.662" endtime="20220404 03:07:47.149"/>
</kw>
<status status="PASS" starttime="20220404 03:07:44.661" endtime="20220404 03:07:47.149"/>
</kw>
<doc>Esse teste foi criado para validar o fluxo de pesquisa e compra
verificando o subtotal de pedidos adicionados no carrinho</doc>
<tag>smoker</tag>
<status status="PASS" starttime="20220404 03:07:31.200" endtime="20220404 03:07:47.150"/>
</test>
<kw name="Fechar navegador" library="homeWebResources" type="TEARDOWN">
<kw name="Capture Page Screenshot" library="SeleniumLibrary">
<doc>Takes a screenshot of the current page and embeds it into a log file.</doc>
<msg timestamp="20220404 03:07:47.293" level="INFO" html="true">&lt;/td&gt;&lt;/tr&gt;&lt;tr&gt;&lt;td colspan="3"&gt;&lt;a href="selenium-screenshot-1.png"&gt;&lt;img src="selenium-screenshot-1.png" width="800px"&gt;&lt;/a&gt;</msg>
<status status="PASS" starttime="20220404 03:07:47.153" endtime="20220404 03:07:47.293"/>
</kw>
<kw name="Sleep" library="BuiltIn">
<arg>2s</arg>
<doc>Pauses the test executed for the given time.</doc>
<msg timestamp="20220404 03:07:49.304" level="INFO">Slept 2 seconds</msg>
<status status="PASS" starttime="20220404 03:07:47.293" endtime="20220404 03:07:49.304"/>
</kw>
<kw name="Close Browser" library="SeleniumLibrary">
<doc>Closes the current browser.</doc>
<status status="PASS" starttime="20220404 03:07:49.304" endtime="20220404 03:07:51.536"/>
</kw>
<status status="PASS" starttime="20220404 03:07:47.153" endtime="20220404 03:07:51.537"/>
</kw>
<doc>Essa suíte testa a busca de um produto e o subtotal adicionados no
carrinho do site da Amazon.com.br</doc>
<status status="PASS" starttime="20220404 03:07:29.642" endtime="20220404 03:07:51.537"/>
</suite>
<statistics>
<total>
<stat pass="1" fail="0" skip="0">All Tests</stat>
</total>
<tag>
<stat pass="1" fail="0" skip="0">smoker</stat>
</tag>
<suite>
<stat pass="1" fail="0" skip="0" id="s1" name="amazonTesting">amazonTesting</stat>
</suite>
</statistics>
<errors>
</errors>
</robot>
